[18:31:05.092] [INFO] storybook v10.1.6
[18:31:05.530] [DEBUG] Getting package.json info for /Users/leahmckelvey/ts-query/package.json...
[18:31:05.800] [DEBUG] Starting preview..
[18:31:05.847] [DEBUG] Using tsconfig paths for react-docgen
[18:31:05.847] [ERROR] Failed to build the preview
[18:31:05.849] [ERROR] [38;2;241;97;97mReferenceError: __dirname is not defined[39m
    at Object.viteFinal (file://./.storybook/main.ts:14:46)
    at file://./node_modules/storybook/dist/_node-chunks/chunk-T4NL27CC.js:10134:36
    at async createViteServer (file://./node_modules/@storybook/builder-vite/dist/index.js:6410:21)
    at async Module.start (file://./node_modules/@storybook/builder-vite/dist/index.js:6435:17)
    at async storybookDevServer (file://./node_modules/storybook/dist/core-server/index.js:7180:82)
    at async buildOrThrow (file://./node_modules/storybook/dist/core-server/index.js:5556:12)
    at async buildDevStandalone (file://./node_modules/storybook/dist/core-server/index.js:7582:66)
    at async withTelemetry (file://./node_modules/storybook/dist/_node-chunks/chunk-BV46V7UA.js:209:12)
    at async dev (file://./node_modules/storybook/dist/bin/core.js:2734:3)
    at async _Command.<anonymous> (file://./node_modules/storybook/dist/bin/core.js:2801:92)
[18:31:05.850] [WARN] Broken build, fix the error above.
You may need to refresh the browser.
[18:41:06.727] [PROMPT] Would you like to send anonymous crash reports to improve Storybook and fix bugs faster? {"choice":false}